android/app/build/intermediates/manifest_merge_blame_file/debug/manifest-merger-blame-debug-report.txt
1<?xml version="1.0" encoding="utf-8"?>
2<manifest xmlns:android="http://schemas.android.com/apk/res/android"
3    package="com.doctorapp"
4    android:versionCode="1"
5    android:versionName="1.0" >
6
7    <uses-sdk
8        android:minSdkVersion="21"
9        android:targetSdkVersion="30" />
10
11    <uses-permission android:name="android.permission.SYSTEM_ALERT_WINDOW" />
11-->src\debug\AndroidManifest.xml:5:5-77
11-->src\debug\AndroidManifest.xml:5:22-75
12    <uses-permission android:name="android.permission.INTERNET" />
12-->src\main\AndroidManifest.xml:4:5-67
12-->src\main\AndroidManifest.xml:4:22-64
13    <uses-permission android:name="android.permission.CAMERA" />
13-->src\main\AndroidManifest.xml:5:5-65
13-->src\main\AndroidManifest.xml:5:22-62
14    <uses-permission android:name="android.permission.WRITE_EXTERNAL_STORAGE" />
14-->src\main\AndroidManifest.xml:6:5-80
14-->src\main\AndroidManifest.xml:6:22-78
15    <uses-permission android:name="android.permission.ACCESS_WIFI_STATE" />
15-->[com.facebook.flipper:flipper:0.99.0] AndroidManifest.xml:16:5-76
15-->[com.facebook.flipper:flipper:0.99.0] AndroidManifest.xml:16:22-73
16
17    <application
17-->src\main\AndroidManifest.xml:8:5-26:19
18        android:name="com.doctorapp.MainApplication"
18-->src\main\AndroidManifest.xml:9:7-38
19        android:allowBackup="false"
19-->src\main\AndroidManifest.xml:13:7-34
20        android:appComponentFactory="androidx.core.app.CoreComponentFactory"
20-->[androidx.core:core:1.5.0] AndroidManifest.xml:24:18-86
21        android:debuggable="true"
22        android:icon="@mipmap/ic_launcher"
22-->src\main\AndroidManifest.xml:11:7-41
23        android:label="@string/app_name"
23-->src\main\AndroidManifest.xml:10:7-39
24        android:requestLegacyExternalStorage="true"
24-->[:baronha_react-native-multiple-image-picker] AndroidManifest.xml:11:18-61
25        android:roundIcon="@mipmap/ic_launcher_round"
25-->src\main\AndroidManifest.xml:12:7-52
26        android:theme="@style/AppTheme"
26-->src\main\AndroidManifest.xml:14:7-38
27        android:usesCleartextTraffic="true" >
27-->src\debug\AndroidManifest.xml:8:9-44
28        <activity android:name="com.facebook.react.devsupport.DevSettingsActivity" />
28-->src\debug\AndroidManifest.xml:11:9-86
28-->src\debug\AndroidManifest.xml:11:19-83
29        <activity
29-->src\main\AndroidManifest.xml:15:7-25:18
30            android:name="com.doctorapp.MainActivity"
30-->src\main\AndroidManifest.xml:16:9-37
31            android:configChanges="keyboard|keyboardHidden|orientation|screenSize|uiMode"
31-->src\main\AndroidManifest.xml:18:9-86
32            android:label="@string/app_name"
32-->src\main\AndroidManifest.xml:17:9-41
33            android:launchMode="singleTask"
33-->src\main\AndroidManifest.xml:19:9-40
34            android:windowSoftInputMode="adjustResize" >
34-->src\main\AndroidManifest.xml:20:9-51
35            <intent-filter>
35-->src\main\AndroidManifest.xml:21:9-24:25
36                <action android:name="android.intent.action.MAIN" />
36-->src\main\AndroidManifest.xml:22:13-65
36-->src\main\AndroidManifest.xml:22:21-62
37
38                <category android:name="android.intent.category.LAUNCHER" />
38-->src\main\AndroidManifest.xml:23:13-73
38-->src\main\AndroidManifest.xml:23:23-70
39            </intent-filter>
40        </activity>
41
42        <provider
42-->[:react-native-image-picker] AndroidManifest.xml:10:9-18:20
43            android:name="com.imagepicker.ImagePickerProvider"
43-->[:react-native-image-picker] AndroidManifest.xml:11:13-63
44            android:authorities="com.doctorapp.imagepickerprovider"
44-->[:react-native-image-picker] AndroidManifest.xml:12:13-71
45            android:exported="false"
45-->[:react-native-image-picker] AndroidManifest.xml:13:13-37
46            android:grantUriPermissions="true" >
46-->[:react-native-image-picker] AndroidManifest.xml:14:13-47
47            <meta-data
47-->[:react-native-image-picker] AndroidManifest.xml:15:13-17:70
48                android:name="android.support.FILE_PROVIDER_PATHS"
48-->[:react-native-image-picker] AndroidManifest.xml:16:17-67
49                android:resource="@xml/imagepicker_provider_paths" />
49-->[:react-native-image-picker] AndroidManifest.xml:17:17-67
50        </provider>
51        <provider
51-->[:react-native-webview] AndroidManifest.xml:10:9-18:20
52            android:name="com.reactnativecommunity.webview.RNCWebViewFileProvider"
52-->[:react-native-webview] AndroidManifest.xml:11:13-83
53            android:authorities="com.doctorapp.fileprovider"
53-->[:react-native-webview] AndroidManifest.xml:12:13-64
54            android:exported="false"
54-->[:react-native-webview] AndroidManifest.xml:13:13-37
55            android:grantUriPermissions="true" >
55-->[:react-native-webview] AndroidManifest.xml:14:13-47
56            <meta-data
56-->[:react-native-image-picker] AndroidManifest.xml:15:13-17:70
57                android:name="android.support.FILE_PROVIDER_PATHS"
57-->[:react-native-image-picker] AndroidManifest.xml:16:17-67
58                android:resource="@xml/file_provider_paths" />
58-->[:react-native-image-picker] AndroidManifest.xml:17:17-67
59        </provider>
60        <provider
60-->[io.github.lucksiege:pictureselector:v2.7.3-rc08] AndroidManifest.xml:14:9-22:20
61            android:name="com.luck.picture.lib.PictureFileProvider"
61-->[io.github.lucksiege:pictureselector:v2.7.3-rc08] AndroidManifest.xml:15:13-68
62            android:authorities="com.doctorapp.luckProvider"
62-->[io.github.lucksiege:pictureselector:v2.7.3-rc08] AndroidManifest.xml:16:13-64
63            android:exported="false"
63-->[io.github.lucksiege:pictureselector:v2.7.3-rc08] AndroidManifest.xml:17:13-37
64            android:grantUriPermissions="true" >
64-->[io.github.lucksiege:pictureselector:v2.7.3-rc08] AndroidManifest.xml:18:13-47
65            <meta-data
65-->[:react-native-image-picker] AndroidManifest.xml:15:13-17:70
66                android:name="android.support.FILE_PROVIDER_PATHS"
66-->[:react-native-image-picker] AndroidManifest.xml:16:17-67
67                android:resource="@xml/file_paths" />
67-->[:react-native-image-picker] AndroidManifest.xml:17:17-67
68        </provider>
69
70        <activity
70-->[io.github.lucksiege:pictureselector:v2.7.3-rc08] AndroidManifest.xml:24:9-26:77
71            android:name="com.luck.picture.lib.PictureSelectorActivity"
71-->[io.github.lucksiege:pictureselector:v2.7.3-rc08] AndroidManifest.xml:25:13-72
72            android:configChanges="orientation|keyboardHidden|screenSize" />
72-->[io.github.lucksiege:pictureselector:v2.7.3-rc08] AndroidManifest.xml:26:13-74
73        <activity
73-->[io.github.lucksiege:pictureselector:v2.7.3-rc08] AndroidManifest.xml:27:9-29:77
74            android:name="com.luck.picture.lib.PictureSelectorWeChatStyleActivity"
74-->[io.github.lucksiege:pictureselector:v2.7.3-rc08] AndroidManifest.xml:28:13-83
75            android:configChanges="orientation|keyboardHidden|screenSize" />
75-->[io.github.lucksiege:pictureselector:v2.7.3-rc08] AndroidManifest.xml:29:13-74
76        <activity
76-->[io.github.lucksiege:pictureselector:v2.7.3-rc08] AndroidManifest.xml:30:9-33:64
77            android:name="com.luck.picture.lib.PictureSelectorCameraEmptyActivity"
77-->[io.github.lucksiege:pictureselector:v2.7.3-rc08] AndroidManifest.xml:31:13-83
78            android:configChanges="orientation|keyboardHidden|screenSize"
78-->[io.github.lucksiege:pictureselector:v2.7.3-rc08] AndroidManifest.xml:32:13-74
79            android:theme="@style/Picture.Theme.Translucent" />
79-->[io.github.lucksiege:pictureselector:v2.7.3-rc08] AndroidManifest.xml:33:13-61
80        <activity
80-->[io.github.lucksiege:pictureselector:v2.7.3-rc08] AndroidManifest.xml:34:9-36:77
81            android:name="com.luck.picture.lib.PictureCustomCameraActivity"
81-->[io.github.lucksiege:pictureselector:v2.7.3-rc08] AndroidManifest.xml:35:13-76
82            android:configChanges="orientation|keyboardHidden|screenSize" />
82-->[io.github.lucksiege:pictureselector:v2.7.3-rc08] AndroidManifest.xml:36:13-74
83        <activity
83-->[io.github.lucksiege:pictureselector:v2.7.3-rc08] AndroidManifest.xml:37:9-39:77
84            android:name="com.luck.picture.lib.PicturePreviewActivity"
84-->[io.github.lucksiege:pictureselector:v2.7.3-rc08] AndroidManifest.xml:38:13-71
85            android:configChanges="orientation|keyboardHidden|screenSize" />
85-->[io.github.lucksiege:pictureselector:v2.7.3-rc08] AndroidManifest.xml:39:13-74
86        <activity
86-->[io.github.lucksiege:pictureselector:v2.7.3-rc08] AndroidManifest.xml:40:9-42:77
87            android:name="com.luck.picture.lib.PictureSelectorPreviewWeChatStyleActivity"
87-->[io.github.lucksiege:pictureselector:v2.7.3-rc08] AndroidManifest.xml:41:13-90
88            android:configChanges="orientation|keyboardHidden|screenSize" />
88-->[io.github.lucksiege:pictureselector:v2.7.3-rc08] AndroidManifest.xml:42:13-74
89        <activity
89-->[io.github.lucksiege:pictureselector:v2.7.3-rc08] AndroidManifest.xml:43:9-46:50
90            android:name="com.luck.picture.lib.PictureVideoPlayActivity"
90-->[io.github.lucksiege:pictureselector:v2.7.3-rc08] AndroidManifest.xml:44:13-73
91            android:configChanges="orientation|keyboardHidden|screenSize"
91-->[io.github.lucksiege:pictureselector:v2.7.3-rc08] AndroidManifest.xml:45:13-74
92            android:screenOrientation="sensor" />
92-->[io.github.lucksiege:pictureselector:v2.7.3-rc08] AndroidManifest.xml:46:13-47
93        <activity
93-->[io.github.lucksiege:pictureselector:v2.7.3-rc08] AndroidManifest.xml:47:9-49:77
94            android:name="com.luck.picture.lib.PictureExternalPreviewActivity"
94-->[io.github.lucksiege:pictureselector:v2.7.3-rc08] AndroidManifest.xml:48:13-79
95            android:configChanges="orientation|keyboardHidden|screenSize" />
95-->[io.github.lucksiege:pictureselector:v2.7.3-rc08] AndroidManifest.xml:49:13-74
96        <activity
96-->[io.github.lucksiege:pictureselector:v2.7.3-rc08] AndroidManifest.xml:50:9-52:77
97            android:name="com.luck.picture.lib.PicturePlayAudioActivity"
97-->[io.github.lucksiege:pictureselector:v2.7.3-rc08] AndroidManifest.xml:51:13-73
98            android:configChanges="orientation|keyboardHidden|screenSize" />
98-->[io.github.lucksiege:pictureselector:v2.7.3-rc08] AndroidManifest.xml:52:13-74
99        <activity
99-->[io.github.lucksiege:pictureselector:v2.7.3-rc08] AndroidManifest.xml:53:9-55:61
100            android:name="com.yalantis.ucrop.UCropActivity"
100-->[io.github.lucksiege:pictureselector:v2.7.3-rc08] AndroidManifest.xml:54:13-60
101            android:theme="@style/Base.Theme.NoActionBar" />
101-->[io.github.lucksiege:pictureselector:v2.7.3-rc08] AndroidManifest.xml:55:13-58
102        <activity
102-->[io.github.lucksiege:pictureselector:v2.7.3-rc08] AndroidManifest.xml:56:9-58:61
103            android:name="com.yalantis.ucrop.PictureMultiCuttingActivity"
103-->[io.github.lucksiege:pictureselector:v2.7.3-rc08] AndroidManifest.xml:57:13-74
104            android:theme="@style/Base.Theme.NoActionBar" />
104-->[io.github.lucksiege:pictureselector:v2.7.3-rc08] AndroidManifest.xml:58:13-58
105        <!--
106        Service for holding metadata. Cannot be instantiated.
107        Metadata will be merged from other manifests.
108        -->
109        <service
109-->[androidx.camera:camera-core:1.1.0-alpha08] AndroidManifest.xml:31:9-35:45
110            android:name="androidx.camera.core.impl.MetadataHolderService"
110-->[androidx.camera:camera-core:1.1.0-alpha08] AndroidManifest.xml:32:13-75
111            android:enabled="false"
111-->[androidx.camera:camera-core:1.1.0-alpha08] AndroidManifest.xml:33:13-36
112            android:exported="false" />
112-->[androidx.camera:camera-core:1.1.0-alpha08] AndroidManifest.xml:34:13-37
113    </application>
114
115</manifest>